<?xml version="1.0" encoding="UTF-8"?>
<testsuite name="ne.kr.dev.springboot.web.IndexControllerTest" tests="1" skipped="0" failures="0" errors="0" timestamp="2021-04-15T14:18:10" hostname="DESKTOP-LVN8A17" time="0.846">
  <properties/>
  <testcase name="메인페이지_로딩" classname="ne.kr.dev.springboot.web.IndexControllerTest" time="0.846"/>
  <system-out><![CDATA[23:17:46.010 [Test worker] DEBUG org.springframework.test.context.junit4.SpringJUnit4ClassRunner - SpringJUnit4ClassRunner constructor called with [class ne.kr.dev.springboot.web.IndexControllerTest]
23:17:46.052 [Test worker] DEBUG org.springframework.test.context.BootstrapUtils - Instantiating CacheAwareContextLoaderDelegate from class [org.springframework.test.context.cache.DefaultCacheAwareContextLoaderDelegate]
23:17:46.080 [Test worker] DEBUG org.springframework.test.context.BootstrapUtils - Instantiating BootstrapContext using constructor [public org.springframework.test.context.support.DefaultBootstrapContext(java.lang.Class,org.springframework.test.context.CacheAwareContextLoaderDelegate)]
23:17:46.120 [Test worker] DEBUG org.springframework.test.context.BootstrapUtils - Instantiating TestContextBootstrapper for test class [ne.kr.dev.springboot.web.IndexControllerTest] from class [org.springframework.boot.test.context.SpringBootTestContextBootstrapper]
23:17:46.150 [Test worker] INFO org.springframework.boot.test.context.SpringBootTestContextBootstrapper - Neither @ContextConfiguration nor @ContextHierarchy found for test class [ne.kr.dev.springboot.web.IndexControllerTest], using SpringBootContextLoader
23:17:46.158 [Test worker] DEBUG org.springframework.test.context.support.AbstractContextLoader - Did not detect default resource location for test class [ne.kr.dev.springboot.web.IndexControllerTest]: class path resource [ne/kr/dev/springboot/web/IndexControllerTest-context.xml] does not exist
23:17:46.160 [Test worker] DEBUG org.springframework.test.context.support.AbstractContextLoader - Did not detect default resource location for test class [ne.kr.dev.springboot.web.IndexControllerTest]: class path resource [ne/kr/dev/springboot/web/IndexControllerTestContext.groovy] does not exist
23:17:46.161 [Test worker] INFO org.springframework.test.context.support.AbstractContextLoader - Could not detect default resource locations for test class [ne.kr.dev.springboot.web.IndexControllerTest]: no resource found for suffixes {-context.xml, Context.groovy}.
23:17:46.165 [Test worker] INFO org.springframework.test.context.support.AnnotationConfigContextLoaderUtils - Could not detect default configuration classes for test class [ne.kr.dev.springboot.web.IndexControllerTest]: IndexControllerTest does not declare any static, non-private, non-final, nested classes annotated with @Configuration.
23:17:46.301 [Test worker] DEBUG org.springframework.test.context.support.ActiveProfilesUtils - Could not find an 'annotation declaring class' for annotation type [org.springframework.test.context.ActiveProfiles] and class [ne.kr.dev.springboot.web.IndexControllerTest]
23:17:46.551 [Test worker] DEBUG org.springframework.context.annotation.ClassPathScanningCandidateComponentProvider - Identified candidate component class: file [C:\git_cloned\springboot2\build\classes\java\main\ne\kr\dev\springboot\Application.class]
23:17:46.553 [Test worker] INFO org.springframework.boot.test.context.SpringBootTestContextBootstrapper - Found @SpringBootConfiguration ne.kr.dev.springboot.Application for test class ne.kr.dev.springboot.web.IndexControllerTest
23:17:46.790 [Test worker] DEBUG org.springframework.boot.test.context.SpringBootTestContextBootstrapper - @TestExecutionListeners is not present for class [ne.kr.dev.springboot.web.IndexControllerTest]: using defaults.
23:17:46.791 [Test worker] INFO org.springframework.boot.test.context.SpringBootTestContextBootstrapper - Loaded default TestExecutionListener class names from location [META-INF/spring.factories]: [org.springframework.boot.test.autoconfigure.restdocs.RestDocsTestExecutionListener, org.springframework.boot.test.autoconfigure.web.client.MockRestServiceServerResetTestExecutionListener, org.springframework.boot.test.autoconfigure.web.servlet.MockMvcPrintOnlyOnFailureTestExecutionListener, org.springframework.boot.test.autoconfigure.web.servlet.WebDriverTestExecutionListener, org.springframework.boot.test.mock.mockito.MockitoTestExecutionListener, org.springframework.boot.test.mock.mockito.ResetMocksTestExecutionListener, org.springframework.test.context.web.ServletTestExecutionListener, org.springframework.test.context.support.DirtiesContextBeforeModesTestExecutionListener, org.springframework.test.context.support.DependencyInjectionTestExecutionListener, org.springframework.test.context.support.DirtiesContextTestExecutionListener, org.springframework.test.context.transaction.TransactionalTestExecutionListener, org.springframework.test.context.jdbc.SqlScriptsTestExecutionListener]
23:17:46.847 [Test worker] INFO org.springframework.boot.test.context.SpringBootTestContextBootstrapper - Using TestExecutionListeners: [org.springframework.test.context.web.ServletTestExecutionListener@5d1ab050, org.springframework.test.context.support.DirtiesContextBeforeModesTestExecutionListener@771a3805, org.springframework.boot.test.mock.mockito.MockitoTestExecutionListener@51174835, org.springframework.boot.test.autoconfigure.SpringBootDependencyInjectionTestExecutionListener@7b85f6e5, org.springframework.test.context.support.DirtiesContextTestExecutionListener@731541f5, org.springframework.test.context.transaction.TransactionalTestExecutionListener@55699582, org.springframework.test.context.jdbc.SqlScriptsTestExecutionListener@3ed429fa, org.springframework.boot.test.autoconfigure.restdocs.RestDocsTestExecutionListener@6a32d21b, org.springframework.boot.test.autoconfigure.web.client.MockRestServiceServerResetTestExecutionListener@33712c41, org.springframework.boot.test.autoconfigure.web.servlet.MockMvcPrintOnlyOnFailureTestExecutionListener@2aad6a28, org.springframework.boot.test.autoconfigure.web.servlet.WebDriverTestExecutionListener@35290d7e, org.springframework.boot.test.mock.mockito.ResetMocksTestExecutionListener@4977a3ca]
23:17:46.856 [Test worker] DEBUG org.springframework.test.annotation.ProfileValueUtils - Retrieved @ProfileValueSourceConfiguration [null] for test class [ne.kr.dev.springboot.web.IndexControllerTest]
23:17:46.857 [Test worker] DEBUG org.springframework.test.annotation.ProfileValueUtils - Retrieved ProfileValueSource type [class org.springframework.test.annotation.SystemProfileValueSource] for class [ne.kr.dev.springboot.web.IndexControllerTest]
23:17:46.865 [Test worker] DEBUG org.springframework.test.annotation.ProfileValueUtils - Retrieved @ProfileValueSourceConfiguration [null] for test class [ne.kr.dev.springboot.web.IndexControllerTest]
23:17:46.866 [Test worker] DEBUG org.springframework.test.annotation.ProfileValueUtils - Retrieved ProfileValueSource type [class org.springframework.test.annotation.SystemProfileValueSource] for class [ne.kr.dev.springboot.web.IndexControllerTest]
23:17:46.867 [Test worker] DEBUG org.springframework.test.annotation.ProfileValueUtils - Retrieved @ProfileValueSourceConfiguration [null] for test class [ne.kr.dev.springboot.web.IndexControllerTest]
23:17:46.867 [Test worker] DEBUG org.springframework.test.annotation.ProfileValueUtils - Retrieved ProfileValueSource type [class org.springframework.test.annotation.SystemProfileValueSource] for class [ne.kr.dev.springboot.web.IndexControllerTest]
23:17:46.880 [Test worker] DEBUG org.springframework.test.context.support.AbstractDirtiesContextTestExecutionListener - Before test class: context [DefaultTestContext@41aebd06 testClass = IndexControllerTest, testInstance = [null], testMethod = [null], testException = [null], mergedContextConfiguration = [WebMergedContextConfiguration@4f7ea68f testClass = IndexControllerTest, locations = '{}', classes = '{class ne.kr.dev.springboot.Application}', contextInitializerClasses = '[]', activeProfiles = '{}', propertySourceLocations = '{}', propertySourceProperties = '{org.springframework.boot.test.context.SpringBootTestContextBootstrapper=true, server.port=0}', contextCustomizers = set[org.springframework.boot.test.autoconfigure.properties.PropertyMappingContextCustomizer@0, org.springframework.boot.test.autoconfigure.web.servlet.WebDriverContextCustomizerFactory$Customizer@59f37f91, org.springframework.boot.test.context.filter.ExcludeFilterContextCustomizer@7f0aca33, org.springframework.boot.test.json.DuplicateJsonObjectContextCustomizerFactory$DuplicateJsonObjectContextCustomizer@428f07d5, org.springframework.boot.test.mock.mockito.MockitoContextCustomizer@0, org.springframework.boot.test.web.client.TestRestTemplateContextCustomizer@42e2e0ab], resourceBasePath = 'src/main/webapp', contextLoader = 'org.springframework.boot.test.context.SpringBootContextLoader', parent = [null]], attributes = map['org.springframework.test.context.web.ServletTestExecutionListener.activateListener' -> false]], class annotated with @DirtiesContext [false] with mode [null].
23:17:46.881 [Test worker] DEBUG org.springframework.test.annotation.ProfileValueUtils - Retrieved @ProfileValueSourceConfiguration [null] for test class [ne.kr.dev.springboot.web.IndexControllerTest]
23:17:46.883 [Test worker] DEBUG org.springframework.test.annotation.ProfileValueUtils - Retrieved ProfileValueSource type [class org.springframework.test.annotation.SystemProfileValueSource] for class [ne.kr.dev.springboot.web.IndexControllerTest]
23:17:46.900 [Test worker] DEBUG org.springframework.test.context.support.DependencyInjectionTestExecutionListener - Performing dependency injection for test context [[DefaultTestContext@41aebd06 testClass = IndexControllerTest, testInstance = ne.kr.dev.springboot.web.IndexControllerTest@56f6e62, testMethod = [null], testException = [null], mergedContextConfiguration = [WebMergedContextConfiguration@4f7ea68f testClass = IndexControllerTest, locations = '{}', classes = '{class ne.kr.dev.springboot.Application}', contextInitializerClasses = '[]', activeProfiles = '{}', propertySourceLocations = '{}', propertySourceProperties = '{org.springframework.boot.test.context.SpringBootTestContextBootstrapper=true, server.port=0}', contextCustomizers = set[org.springframework.boot.test.autoconfigure.properties.PropertyMappingContextCustomizer@0, org.springframework.boot.test.autoconfigure.web.servlet.WebDriverContextCustomizerFactory$Customizer@59f37f91, org.springframework.boot.test.context.filter.ExcludeFilterContextCustomizer@7f0aca33, org.springframework.boot.test.json.DuplicateJsonObjectContextCustomizerFactory$DuplicateJsonObjectContextCustomizer@428f07d5, org.springframework.boot.test.mock.mockito.MockitoContextCustomizer@0, org.springframework.boot.test.web.client.TestRestTemplateContextCustomizer@42e2e0ab], resourceBasePath = 'src/main/webapp', contextLoader = 'org.springframework.boot.test.context.SpringBootContextLoader', parent = [null]], attributes = map['org.springframework.test.context.web.ServletTestExecutionListener.activateListener' -> false]]].
23:17:46.939 [Test worker] DEBUG org.springframework.test.context.support.TestPropertySourceUtils - Adding inlined properties to environment: {spring.jmx.enabled=false, org.springframework.boot.test.context.SpringBootTestContextBootstrapper=true, server.port=0}

  .   ____          _            __ _ _
 /\\ / ___'_ __ _ _(_)_ __  __ _ \ \ \ \
( ( )\___ | '_ | '_| | '_ \/ _` | \ \ \ \
 \\/  ___)| |_)| | | | | || (_| |  ) ) ) )
  '  |____| .__|_| |_|_| |_\__, | / / / /
 =========|_|==============|___/=/_/_/_/
 :: Spring Boot ::        (v2.1.7.RELEASE)

2021-04-15 23:17:47.846  INFO 13796 --- [    Test worker] n.k.d.s.web.IndexControllerTest          : Starting IndexControllerTest on DESKTOP-LVN8A17 with PID 13796 (started by 김수영 in C:\git_cloned\springboot2)
2021-04-15 23:17:47.852  INFO 13796 --- [    Test worker] n.k.d.s.web.IndexControllerTest          : No active profile set, falling back to default profiles: default
2021-04-15 23:17:50.239  INFO 13796 --- [    Test worker] .s.d.r.c.RepositoryConfigurationDelegate : Bootstrapping Spring Data repositories in DEFAULT mode.
2021-04-15 23:17:50.430  INFO 13796 --- [    Test worker] .s.d.r.c.RepositoryConfigurationDelegate : Finished Spring Data repository scanning in 177ms. Found 1 repository interfaces.
2021-04-15 23:17:51.614  INFO 13796 --- [    Test worker] trationDelegate$BeanPostProcessorChecker : Bean 'org.springframework.transaction.annotation.ProxyTransactionManagementConfiguration' of type [org.springframework.transaction.annotation.ProxyTransactionManagementConfiguration$$EnhancerBySpringCGLIB$$b9fc701e] is not eligible for getting processed by all BeanPostProcessors (for example: not eligible for auto-proxying)
2021-04-15 23:17:53.063  INFO 13796 --- [    Test worker] o.s.b.w.embedded.tomcat.TomcatWebServer  : Tomcat initialized with port(s): 0 (http)
2021-04-15 23:17:53.203  INFO 13796 --- [    Test worker] o.apache.catalina.core.StandardService   : Starting service [Tomcat]
2021-04-15 23:17:53.204  INFO 13796 --- [    Test worker] org.apache.catalina.core.StandardEngine  : Starting Servlet engine: [Apache Tomcat/9.0.22]
2021-04-15 23:17:53.856  INFO 13796 --- [    Test worker] o.a.c.c.C.[Tomcat].[localhost].[/]       : Initializing Spring embedded WebApplicationContext
2021-04-15 23:17:53.857  INFO 13796 --- [    Test worker] o.s.web.context.ContextLoader            : Root WebApplicationContext: initialization completed in 5930 ms
2021-04-15 23:17:54.900  INFO 13796 --- [    Test worker] com.zaxxer.hikari.HikariDataSource       : HikariPool-1 - Starting...
2021-04-15 23:17:55.657  INFO 13796 --- [    Test worker] com.zaxxer.hikari.HikariDataSource       : HikariPool-1 - Start completed.
2021-04-15 23:17:56.168  INFO 13796 --- [    Test worker] o.hibernate.jpa.internal.util.LogHelper  : HHH000204: Processing PersistenceUnitInfo [
	name: default
	...]
2021-04-15 23:17:56.769  INFO 13796 --- [    Test worker] org.hibernate.Version                    : HHH000412: Hibernate Core {5.3.10.Final}
2021-04-15 23:17:56.789  INFO 13796 --- [    Test worker] org.hibernate.cfg.Environment            : HHH000206: hibernate.properties not found
2021-04-15 23:17:58.018  INFO 13796 --- [    Test worker] o.hibernate.annotations.common.Version   : HCANN000001: Hibernate Commons Annotations {5.0.4.Final}
2021-04-15 23:17:59.439  INFO 13796 --- [    Test worker] org.hibernate.dialect.Dialect            : HHH000400: Using dialect: org.hibernate.dialect.MySQL5InnoDBDialect
Hibernate: drop table if exists posts
Hibernate: create table posts (id bigint not null auto_increment, created_date datetime, modified_date datetime, author varchar(255), content TEXT not null, title varchar(500) not null, primary key (id)) engine=InnoDB
2021-04-15 23:18:05.111  INFO 13796 --- [    Test worker] o.h.t.schema.internal.SchemaCreatorImpl  : HHH000476: Executing import script 'org.hibernate.tool.schema.internal.exec.ScriptSourceInputNonExistentImpl@7b62ba2b'
2021-04-15 23:18:05.118  INFO 13796 --- [    Test worker] j.LocalContainerEntityManagerFactoryBean : Initialized JPA EntityManagerFactory for persistence unit 'default'
2021-04-15 23:18:08.706  INFO 13796 --- [    Test worker] o.s.s.concurrent.ThreadPoolTaskExecutor  : Initializing ExecutorService 'applicationTaskExecutor'
2021-04-15 23:18:08.983  WARN 13796 --- [    Test worker] aWebConfiguration$JpaWebMvcConfiguration : spring.jpa.open-in-view is enabled by default. Therefore, database queries may be performed during view rendering. Explicitly configure spring.jpa.open-in-view to disable this warning
2021-04-15 23:18:09.229  INFO 13796 --- [    Test worker] o.s.b.a.w.s.WelcomePageHandlerMapping    : Adding welcome page template: index
2021-04-15 23:18:10.703  INFO 13796 --- [    Test worker] o.s.b.w.embedded.tomcat.TomcatWebServer  : Tomcat started on port(s): 2540 (http) with context path ''
2021-04-15 23:18:10.716  INFO 13796 --- [    Test worker] n.k.d.s.web.IndexControllerTest          : Started IndexControllerTest in 23.771 seconds (JVM running for 27.42)
2021-04-15 23:18:11.235  INFO 13796 --- [-auto-1-exec-10] o.a.c.c.C.[Tomcat].[localhost].[/]       : Initializing Spring DispatcherServlet 'dispatcherServlet'
2021-04-15 23:18:11.235  INFO 13796 --- [-auto-1-exec-10] o.s.web.servlet.DispatcherServlet        : Initializing Servlet 'dispatcherServlet'
2021-04-15 23:18:11.294  INFO 13796 --- [-auto-1-exec-10] o.s.web.servlet.DispatcherServlet        : Completed initialization in 59 ms
]]></system-out>
  <system-err><![CDATA[]]></system-err>
</testsuite>
